TN:
SF:script/Deploy.s.sol
DA:10,1
FN:10,Deploy.run
FNDA:1,Deploy.run
DA:12,1
DA:13,1
DA:15,1
DA:16,1
DA:18,1
DA:20,1
DA:23,1
DA:26,1
DA:29,1
DA:32,1
BRDA:32,0,0,-
DA:34,1
DA:35,1
DA:36,1
DA:37,1
DA:38,1
BRDA:38,1,0,-
DA:40,1
FNF:1
FNH:1
LF:17
LH:17
BRF:2
BRH:0
end_of_record
TN:
SF:script/Simulate.s.sol
DA:47,0
FN:47,Simulate.runVoting
FNDA:0,Simulate.runVoting
DA:48,0
DA:57,0
DA:60,0
FN:60,Simulate.runVotingWithParams
FNDA:0,Simulate.runVotingWithParams
DA:69,0
DA:78,0
DA:81,0
FN:81,Simulate.runSlotExhaustion
FNDA:0,Simulate.runSlotExhaustion
DA:82,0
DA:84,0
DA:86,0
DA:87,0
DA:88,0
DA:90,0
DA:91,0
DA:92,0
DA:93,0
DA:95,0
DA:96,0
DA:100,0
DA:101,0
DA:102,0
DA:103,0
DA:106,0
DA:107,0
DA:109,0
DA:110,0
DA:111,0
BRDA:111,0,0,-
DA:112,0
DA:113,0
BRDA:113,0,1,-
DA:115,0
DA:118,0
DA:119,0
DA:120,0
DA:123,0
FN:123,Simulate._runVoting
FNDA:0,Simulate._runVoting
DA:124,0
BRDA:124,1,0,-
DA:125,0
BRDA:125,2,0,-
DA:126,0
BRDA:126,3,0,-
DA:127,0
BRDA:127,4,0,-
DA:128,0
BRDA:128,5,0,-
DA:129,0
BRDA:129,6,0,-
DA:131,0
DA:133,0
DA:134,0
DA:135,0
DA:137,0
DA:138,0
DA:139,0
DA:140,0
BRDA:140,7,0,-
DA:142,0
DA:145,0
DA:147,0
DA:148,0
DA:149,0
DA:152,0
FN:152,Simulate._setupVoting
FNDA:0,Simulate._setupVoting
DA:153,0
DA:154,0
DA:155,0
DA:157,0
DA:158,0
DA:160,0
DA:161,0
DA:162,0
DA:163,0
DA:166,0
DA:167,0
DA:168,0
DA:169,0
DA:170,0
DA:173,0
FN:173,Simulate._runVotingOnce
FNDA:0,Simulate._runVotingOnce
DA:177,0
DA:179,0
DA:180,0
DA:181,0
DA:183,0
DA:185,0
DA:187,0
DA:188,0
DA:191,0
FN:191,Simulate._createOpenBounty
FNDA:0,Simulate._createOpenBounty
DA:195,0
DA:196,0
DA:197,0
DA:200,0
FN:200,Simulate._joinParticipants
FNDA:0,Simulate._joinParticipants
DA:206,0
DA:207,0
DA:208,0
DA:209,0
DA:210,0
DA:211,0
DA:215,0
FN:215,Simulate._createClaimAndStartVote
FNDA:0,Simulate._createClaimAndStartVote
DA:219,0
DA:220,0
DA:221,0
DA:223,0
DA:224,0
DA:227,0
FN:227,Simulate._castVotes
FNDA:0,Simulate._castVotes
DA:231,0
DA:233,0
DA:234,0
DA:235,0
DA:236,0
DA:237,0
BRDA:237,8,0,-
BRDA:237,8,1,-
DA:238,0
DA:240,0
DA:241,0
DA:245,0
FN:245,Simulate._resolveAndCheck
FNDA:0,Simulate._resolveAndCheck
DA:253,0
DA:255,0
DA:256,0
DA:258,0
DA:259,0
DA:260,0
BRDA:260,9,0,-
DA:262,0
DA:263,0
DA:264,0
BRDA:264,10,0,-
BRDA:264,10,1,-
DA:265,0
DA:266,0
DA:268,0
BRDA:268,11,0,-
DA:269,0
BRDA:269,12,0,-
DA:270,0
BRDA:270,13,0,-
DA:271,0
BRDA:271,14,0,-
DA:273,0
BRDA:273,15,0,-
DA:274,0
BRDA:274,16,0,-
DA:275,0
BRDA:275,17,0,-
DA:276,0
BRDA:276,18,0,-
DA:279,0
DA:282,0
FN:282,Simulate._writeRunLine
FNDA:0,Simulate._writeRunLine
DA:288,0
DA:289,0
DA:290,0
DA:291,0
DA:292,0
DA:293,0
DA:294,0
DA:295,0
DA:296,0
DA:297,0
DA:300,0
FN:300,Simulate._writeVotingSummary
FNDA:0,Simulate._writeVotingSummary
DA:303,0
DA:305,0
DA:306,0
DA:307,0
DA:308,0
DA:309,0
DA:310,0
DA:311,0
DA:312,0
DA:313,0
DA:314,0
DA:315,0
DA:316,0
DA:317,0
DA:318,0
DA:319,0
DA:320,0
DA:323,0
FN:323,Simulate._deploy
FNDA:0,Simulate._deploy
DA:324,0
DA:325,0
DA:327,0
DA:328,0
DA:329,0
DA:332,0
FN:332,Simulate._rand
FNDA:0,Simulate._rand
DA:337,0
FNF:15
FNH:0
LF:162
LH:0
BRF:22
BRH:0
end_of_record
TN:
SF:src/PoidhClaimNFT.sol
DA:41,102
FN:41,PoidhClaimNFT.setPoidh
FNDA:102,PoidhClaimNFT.setPoidh
DA:42,101
DA:46,19931
FN:46,PoidhClaimNFT.mintToEscrow
FNDA:19931,PoidhClaimNFT.mintToEscrow
DA:47,19931
DA:48,19930
DA:49,19930
DA:53,101
FN:53,PoidhClaimNFT._setPoidh
FNDA:101,PoidhClaimNFT._setPoidh
DA:54,101
BRDA:54,0,0,1
DA:57,100
BRDA:57,1,0,-
DA:59,100
DA:60,100
DA:63,19931
FN:63,PoidhClaimNFT._revertIfNotPoidh
FNDA:19931,PoidhClaimNFT._revertIfNotPoidh
DA:64,19931
BRDA:64,2,0,1
FNF:4
FNH:4
LF:13
LH:13
BRF:3
BRH:2
end_of_record
TN:
SF:src/PoidhV3.sol
DA:223,955
FN:223,PoidhV3._requireBountyExists
FNDA:955,PoidhV3._requireBountyExists
DA:224,955
BRDA:224,0,0,3
DA:227,2
FN:227,PoidhV3._requireBountyNotFinalized
FNDA:2,PoidhV3._requireBountyNotFinalized
DA:228,2
DA:229,2
BRDA:229,1,0,-
DA:230,2
BRDA:230,2,0,-
DA:234,82116
FN:234,PoidhV3._requireActiveBounty
FNDA:82116,PoidhV3._requireActiveBounty
DA:235,82116
BRDA:235,3,0,5
DA:236,82111
BRDA:236,4,0,5
DA:238,82106
DA:239,82106
BRDA:239,5,0,30555
DA:240,51551
BRDA:240,6,0,2
DA:243,21770
FN:243,PoidhV3._requireOpenBounty
FNDA:21770,PoidhV3._requireOpenBounty
DA:244,21770
BRDA:244,7,0,1
DA:248,303
FN:248,PoidhV3._requireVoteActive
FNDA:303,PoidhV3._requireVoteActive
DA:249,303
DA:250,303
BRDA:250,8,0,-
DA:251,303
DA:252,303
BRDA:252,9,0,1
DA:261,101
FN:261,PoidhV3.constructor
FNDA:101,PoidhV3.constructor
DA:262,101
BRDA:262,10,0,1
DA:263,100
BRDA:263,11,0,-
DA:264,100
BRDA:264,12,0,1
DA:266,99
DA:267,99
DA:270,99
DA:271,99
DA:272,99
DA:292,1297
FN:292,PoidhV3.withdraw
FNDA:1297,PoidhV3.withdraw
DA:293,1295
DA:294,1295
BRDA:294,13,0,1
DA:296,1294
DA:297,1294
DA:298,1294
BRDA:298,14,0,2
DA:300,1292
DA:306,4
FN:306,PoidhV3.withdrawTo
FNDA:4,PoidhV3.withdrawTo
DA:307,4
BRDA:307,15,0,1
DA:309,3
DA:310,3
BRDA:310,16,0,1
DA:312,2
DA:313,2
DA:314,2
BRDA:314,17,0,-
DA:316,2
DA:317,2
DA:325,13097
FN:325,PoidhV3.createSoloBounty
FNDA:13097,PoidhV3.createSoloBounty
DA:330,13097
BRDA:330,18,0,3
DA:331,13094
BRDA:331,19,0,2
DA:332,13092
BRDA:332,20,0,2
DA:333,13090
DA:338,13239
FN:338,PoidhV3.createOpenBounty
FNDA:13239,PoidhV3.createOpenBounty
DA:343,13239
BRDA:343,21,0,1
DA:344,13238
BRDA:344,22,0,-
DA:345,13238
BRDA:345,23,0,-
DA:347,13238
DA:350,13238
DA:351,13238
DA:352,13238
DA:356,26328
FN:356,PoidhV3._createBounty
FNDA:26328,PoidhV3._createBounty
DA:360,26328
DA:361,26328
DA:374,26328
DA:375,26328
DA:377,26328
DA:385,20323
FN:385,PoidhV3.joinOpenBounty
FNDA:20323,PoidhV3.joinOpenBounty
DA:386,20323
DA:387,10617
DA:389,10616
BRDA:389,24,0,2
DA:390,10614
BRDA:390,25,0,1
DA:392,10613
DA:393,10613
BRDA:393,26,0,1
DA:395,10612
DA:397,10612
BRDA:397,27,0,9528
BRDA:397,27,1,1084
DA:399,9528
DA:401,9528
DA:402,9528
BRDA:402,28,0,309
BRDA:402,28,1,9216
DA:403,309
DA:404,309
DA:407,309
DA:408,309
DA:410,9219
DA:411,9219
BRDA:411,29,0,3
DA:413,9216
DA:414,9216
DA:415,9216
DA:418,9525
DA:421,1084
DA:422,1084
BRDA:422,30,0,-
DA:423,1084
DA:426,10609
DA:427,10609
DA:429,10609
DA:434,1654
FN:434,PoidhV3.withdrawFromOpenBounty
FNDA:1654,PoidhV3.withdrawFromOpenBounty
DA:435,1654
DA:436,975
DA:438,975
DA:439,975
BRDA:439,31,0,2
DA:441,973
DA:442,973
BRDA:442,32,0,1
DA:443,972
DA:445,972
BRDA:445,33,0,-
DA:446,972
DA:447,972
BRDA:447,34,0,-
DA:450,972
DA:451,972
DA:452,972
DA:455,972
BRDA:455,35,0,972
DA:458,972
DA:464,972
DA:466,972
DA:473,19648
FN:473,PoidhV3.cancelSoloBounty
FNDA:19648,PoidhV3.cancelSoloBounty
DA:474,19648
DA:475,9571
BRDA:475,36,0,1
DA:477,9570
DA:478,9570
BRDA:478,37,0,1
DA:480,9569
DA:483,9569
DA:484,9569
DA:486,9569
DA:488,9569
DA:492,19234
FN:492,PoidhV3.cancelOpenBounty
FNDA:19234,PoidhV3.cancelOpenBounty
DA:493,19234
DA:494,9448
DA:496,9448
DA:497,9448
BRDA:497,38,0,-
DA:500,9448
DA:503,9448
DA:504,9448
BRDA:504,39,0,9448
DA:505,9448
DA:506,9448
DA:507,9448
DA:508,9448
DA:511,9448
DA:515,648
FN:515,PoidhV3.claimRefundFromCancelledOpenBounty
FNDA:648,PoidhV3.claimRefundFromCancelledOpenBounty
DA:516,648
DA:518,647
DA:519,647
BRDA:519,40,0,-
DA:520,647
BRDA:520,41,0,2
DA:522,645
DA:523,645
BRDA:523,42,0,-
DA:524,645
DA:526,645
BRDA:526,43,0,-
DA:527,645
DA:528,645
BRDA:528,44,0,-
DA:530,645
DA:531,645
DA:532,645
DA:535,645
BRDA:535,45,0,645
DA:536,645
DA:538,645
DA:540,645
DA:548,19936
FN:548,PoidhV3.createClaim
FNDA:19936,PoidhV3.createClaim
DA:554,19936
DA:556,19931
DA:557,19931
BRDA:557,46,0,2
DA:559,19929
DA:561,19929
DA:575,19929
DA:577,19929
DA:578,19929
DA:580,19929
DA:582,19929
DA:593,1043
FN:593,PoidhV3.submitClaimForVote
FNDA:1043,PoidhV3.submitClaimForVote
DA:594,1043
DA:595,730
DA:597,730
BRDA:597,47,0,-
DA:599,730
DA:600,730
BRDA:600,48,0,-
DA:602,730
DA:603,730
BRDA:603,49,0,1
DA:604,729
BRDA:604,50,0,1
DA:605,0
BRDA:605,51,0,-
DA:608,728
DA:609,728
DA:612,728
DA:613,728
DA:615,728
DA:616,1288
DA:617,1288
DA:618,1288
BRDA:618,52,0,1265
DA:619,1265
DA:620,1265
DA:624,728
DA:625,728
BRDA:625,53,0,-
DA:627,728
DA:628,728
DA:629,728
DA:632,728
DA:634,728
DA:635,728
DA:636,728
DA:641,304
FN:641,PoidhV3.voteClaim
FNDA:304,PoidhV3.voteClaim
DA:642,304
DA:643,303
DA:645,302
BRDA:645,54,0,-
DA:647,302
DA:648,302
BRDA:648,55,0,3
DA:651,299
BRDA:651,56,0,1
DA:653,298
DA:654,298
BRDA:654,57,0,-
DA:657,298
DA:659,298
DA:660,151
BRDA:660,58,0,151
BRDA:660,58,1,147
DA:661,147
DA:663,298
DA:664,298
DA:670,264
FN:670,PoidhV3.resolveVote
FNDA:264,PoidhV3.resolveVote
DA:671,264
BRDA:671,59,0,-
DA:673,264
DA:674,264
BRDA:674,60,0,-
DA:676,264
DA:677,264
BRDA:677,61,0,2
DA:679,262
DA:681,177
BRDA:681,62,0,177
BRDA:681,62,1,85
DA:682,177
DA:684,85
DA:687,85
DA:688,85
DA:693,3
FN:693,PoidhV3.resetVotingPeriod
FNDA:3,PoidhV3.resetVotingPeriod
DA:694,3
DA:695,2
DA:697,2
BRDA:697,63,0,-
DA:699,2
DA:700,2
BRDA:700,64,0,-
DA:702,2
DA:703,2
BRDA:703,65,0,-
DA:705,2
DA:706,1
BRDA:706,66,0,1
DA:708,1
DA:711,1
DA:712,1
DA:721,278
FN:721,PoidhV3.acceptClaim
FNDA:278,PoidhV3.acceptClaim
DA:722,278
DA:724,277
BRDA:724,67,0,1
DA:726,276
DA:729,276
BRDA:729,68,0,272
DA:730,272
BRDA:730,69,0,1
DA:731,271
DA:732,271
DA:736,3
BRDA:736,70,0,3
DA:737,1
BRDA:737,71,0,-
DA:739,1
DA:744,449
FN:744,PoidhV3._acceptClaim
FNDA:449,PoidhV3._acceptClaim
DA:745,449
DA:746,449
DA:748,449
BRDA:748,72,0,-
DA:749,449
BRDA:749,73,0,-
DA:750,0
BRDA:750,74,0,-
DA:751,449
BRDA:751,75,0,-
DA:753,449
DA:754,449
DA:756,449
DA:757,449
DA:760,449
DA:761,449
DA:762,449
DA:764,449
DA:767,449
DA:768,449
DA:771,449
DA:775,449
DA:776,449
DA:778,449
DA:781,449
DA:783,449
BRDA:783,76,0,177
DA:784,177
DA:791,3
FN:791,PoidhV3.getBountiesLength
FNDA:3,PoidhV3.getBountiesLength
DA:792,3
DA:795,2
FN:795,PoidhV3.getBounties
FNDA:2,PoidhV3.getBounties
DA:796,2
DA:797,2
DA:798,2
DA:799,13
DA:800,13
DA:802,2
DA:805,2
FN:805,PoidhV3.getClaimsByBountyId
FNDA:2,PoidhV3.getClaimsByBountyId
DA:810,2
DA:811,2
DA:812,2
DA:813,2
DA:814,13
DA:815,13
DA:817,2
DA:820,2
FN:820,PoidhV3.getBountiesByUser
FNDA:2,PoidhV3.getBountiesByUser
DA:821,2
DA:822,2
DA:823,2
DA:824,2
DA:825,13
DA:826,13
DA:828,2
DA:831,2
FN:831,PoidhV3.getClaimsByUser
FNDA:2,PoidhV3.getClaimsByUser
DA:832,2
DA:833,2
DA:834,2
DA:835,2
DA:836,13
DA:837,13
DA:839,2
DA:842,236935
FN:842,PoidhV3.getParticipants
FNDA:236935,PoidhV3.getParticipants
DA:847,236935
DA:850,2
FN:850,PoidhV3.getParticipantsPaged
FNDA:2,PoidhV3.getParticipantsPaged
DA:855,2
DA:856,2
DA:858,2
BRDA:858,77,0,1
DA:860,1
DA:861,1
BRDA:861,78,0,1
DA:863,1
DA:864,1
DA:865,1
DA:867,1
DA:868,3
DA:869,3
DA:874,1
FN:874,PoidhV3.receive
FNDA:1,PoidhV3.receive
DA:875,1
FNF:31
FNH:31
LF:314
LH:312
BRF:83
BRH:52
end_of_record
TN:
SF:test/PoidhV3.attack.t.sol
DA:29,20
FN:29,ERC721ReentrancyAttacker.constructor.0
FNDA:20,ERC721ReentrancyAttacker.constructor.0
DA:30,20
DA:33,1
FN:33,ERC721ReentrancyAttacker.setAttackParams.0
FNDA:1,ERC721ReentrancyAttacker.setAttackParams.0
DA:34,1
DA:35,1
DA:36,1
DA:41,0
FN:41,ERC721ReentrancyAttacker.onERC721Received
FNDA:0,ERC721ReentrancyAttacker.onERC721Received
DA:46,0
BRDA:46,0,0,-
DA:47,0
DA:51,0
BRDA:51,1,0,-
DA:52,0
DA:58,0
BRDA:58,2,0,-
DA:59,0
DA:64,0
DA:68,0
FN:68,ERC721ReentrancyAttacker.receive.0
FNDA:0,ERC721ReentrancyAttacker.receive.0
DA:69,0
BRDA:69,3,0,-
DA:70,0
DA:73,0
BRDA:73,4,0,-
DA:74,0
DA:81,1
FN:81,ERC721ReentrancyAttacker.startAttack.0
FNDA:1,ERC721ReentrancyAttacker.startAttack.0
DA:82,1
DA:85,0
FN:85,ERC721ReentrancyAttacker.stopAttack.0
FNDA:0,ERC721ReentrancyAttacker.stopAttack.0
DA:86,0
DA:89,0
FN:89,ERC721ReentrancyAttacker.withdrawFunds
FNDA:0,ERC721ReentrancyAttacker.withdrawFunds
DA:90,0
DA:100,1
FN:100,ContractBountyCreator.constructor.1
FNDA:1,ContractBountyCreator.constructor.1
DA:101,1
DA:104,1
FN:104,ContractBountyCreator.createBounty
FNDA:1,ContractBountyCreator.createBounty
DA:105,1
DA:124,20
FN:124,CancelLoopReentrancyAttacker.constructor.2
FNDA:20,CancelLoopReentrancyAttacker.constructor.2
DA:125,20
DA:128,1
FN:128,CancelLoopReentrancyAttacker.setAttackParams.1
FNDA:1,CancelLoopReentrancyAttacker.setAttackParams.1
DA:129,1
DA:130,1
DA:133,1
FN:133,CancelLoopReentrancyAttacker.joinBounty.0
FNDA:1,CancelLoopReentrancyAttacker.joinBounty.0
DA:134,1
DA:137,1
FN:137,CancelLoopReentrancyAttacker.receive.1
FNDA:1,CancelLoopReentrancyAttacker.receive.1
DA:138,1
BRDA:138,5,0,-
DA:139,0
DA:143,0
BRDA:143,6,0,-
DA:151,0
BRDA:151,7,0,-
DA:152,0
DA:158,0
BRDA:158,8,0,-
DA:159,0
DA:166,1
FN:166,CancelLoopReentrancyAttacker.startAttack.1
FNDA:1,CancelLoopReentrancyAttacker.startAttack.1
DA:167,1
DA:170,1
FN:170,CancelLoopReentrancyAttacker.stopAttack.1
FNDA:1,CancelLoopReentrancyAttacker.stopAttack.1
DA:171,1
DA:174,1
FN:174,CancelLoopReentrancyAttacker.triggerWithdraw.0
FNDA:1,CancelLoopReentrancyAttacker.triggerWithdraw.0
DA:175,1
DA:178,1
FN:178,CancelLoopReentrancyAttacker.claimRefund
FNDA:1,CancelLoopReentrancyAttacker.claimRefund
DA:179,1
DA:201,20
FN:201,CrossFunctionReentrancyAttacker.constructor.3
FNDA:20,CrossFunctionReentrancyAttacker.constructor.3
DA:202,20
DA:205,2
FN:205,CrossFunctionReentrancyAttacker.setAttackParams.2
FNDA:2,CrossFunctionReentrancyAttacker.setAttackParams.2
DA:206,2
DA:207,2
DA:210,1
FN:210,CrossFunctionReentrancyAttacker.joinBounty.1
FNDA:1,CrossFunctionReentrancyAttacker.joinBounty.1
DA:211,1
DA:214,1
FN:214,CrossFunctionReentrancyAttacker.createClaim
FNDA:1,CrossFunctionReentrancyAttacker.createClaim
DA:217,1
DA:220,1
FN:220,CrossFunctionReentrancyAttacker.receive.2
FNDA:1,CrossFunctionReentrancyAttacker.receive.2
DA:221,1
BRDA:221,9,0,1
DA:222,1
DA:224,1
BRDA:224,10,0,-
BRDA:224,10,1,1
DA:226,0
BRDA:226,11,0,-
DA:227,0
DA:229,1
BRDA:229,12,0,-
BRDA:229,12,1,1
DA:231,0
BRDA:231,13,0,-
DA:232,0
DA:236,1
BRDA:236,14,0,1
DA:237,0
DA:243,2
FN:243,CrossFunctionReentrancyAttacker.startAttack.2
FNDA:2,CrossFunctionReentrancyAttacker.startAttack.2
DA:244,2
DA:247,0
FN:247,CrossFunctionReentrancyAttacker.stopAttack.2
FNDA:0,CrossFunctionReentrancyAttacker.stopAttack.2
DA:248,0
DA:251,1
FN:251,CrossFunctionReentrancyAttacker.triggerWithdraw.1
FNDA:1,CrossFunctionReentrancyAttacker.triggerWithdraw.1
DA:252,1
DA:255,1
FN:255,CrossFunctionReentrancyAttacker.triggerWithdrawFromOpen
FNDA:1,CrossFunctionReentrancyAttacker.triggerWithdrawFromOpen
DA:256,1
DA:267,20
FN:267,VotingManipulationAttacker.constructor.4
FNDA:20,VotingManipulationAttacker.constructor.4
DA:268,20
DA:271,2
FN:271,VotingManipulationAttacker.joinBounty.2
FNDA:2,VotingManipulationAttacker.joinBounty.2
DA:272,2
DA:275,2
FN:275,VotingManipulationAttacker.vote
FNDA:2,VotingManipulationAttacker.vote
DA:276,2
DA:280,0
FN:280,VotingManipulationAttacker.doubleVote
FNDA:0,VotingManipulationAttacker.doubleVote
DA:281,0
DA:282,0
DA:285,1
FN:285,VotingManipulationAttacker.withdrawDuringVoting
FNDA:1,VotingManipulationAttacker.withdrawDuringVoting
DA:286,1
FNF:31
FNH:25
LF:91
LH:58
BRF:17
BRH:4
end_of_record
TN:
SF:test/PoidhV3.griefing.t.sol
DA:20,1
FN:20,RevertingReceiver.constructor.0
FNDA:1,RevertingReceiver.constructor.0
DA:21,1
DA:24,1
FN:24,RevertingReceiver.createClaim
FNDA:1,RevertingReceiver.createClaim
DA:25,1
DA:28,1
FN:28,RevertingReceiver.withdraw.0
FNDA:1,RevertingReceiver.withdraw.0
DA:29,1
DA:32,1
FN:32,RevertingReceiver.withdrawTo
FNDA:1,RevertingReceiver.withdrawTo
DA:33,1
DA:37,1
FN:37,RevertingReceiver.receive
FNDA:1,RevertingReceiver.receive
DA:38,1
DA:52,1
FN:52,ContractIssuer.constructor.1
FNDA:1,ContractIssuer.constructor.1
DA:53,1
DA:56,1
FN:56,ContractIssuer.createSoloBounty
FNDA:1,ContractIssuer.createSoloBounty
DA:57,1
DA:58,0
DA:61,0
FN:61,ContractIssuer.acceptClaim
FNDA:0,ContractIssuer.acceptClaim
DA:62,0
DA:65,0
FN:65,ContractIssuer.withdraw.1
FNDA:0,ContractIssuer.withdraw.1
DA:66,0
FNF:9
FNH:7
LF:19
LH:14
BRF:0
BRH:0
end_of_record
TN:
SF:test/PoidhV3.invariant.t.sol
DA:22,4
FN:22,PoidhV3Handler.constructor
FNDA:4,PoidhV3Handler.constructor
DA:29,4
DA:30,4
DA:31,4
DA:32,4
DA:33,4
DA:36,123407
FN:36,PoidhV3Handler._actor
FNDA:123407,PoidhV3Handler._actor
DA:37,123407
DA:40,42868
FN:40,PoidhV3Handler.createSolo
FNDA:42868,PoidhV3Handler.createSolo
DA:41,42868
BRDA:41,0,0,42868
DA:43,12768
DA:44,12768
DA:46,12768
DA:47,12768
DA:50,43140
FN:50,PoidhV3Handler.createOpen
FNDA:43140,PoidhV3Handler.createOpen
DA:51,43140
BRDA:51,1,0,43140
DA:53,12932
DA:54,12932
DA:56,12932
DA:57,12932
DA:60,43217
FN:60,PoidhV3Handler.joinOpen
FNDA:43217,PoidhV3Handler.joinOpen
DA:61,43217
DA:62,43217
BRDA:62,2,0,2794
DA:64,40423
BRDA:64,3,0,556
DA:66,39867
DA:67,39867
BRDA:67,4,0,20291
DA:69,19576
DA:70,19576
BRDA:70,5,0,-
DA:72,19576
DA:73,19576
DA:75,19576
DA:76,19576
DA:79,42060
FN:79,PoidhV3Handler.withdrawFromOpen
FNDA:42060,PoidhV3Handler.withdrawFromOpen
DA:80,42060
DA:81,42060
BRDA:81,6,0,2781
DA:83,39279
BRDA:83,7,0,632
DA:85,38647
DA:86,38647
BRDA:86,8,0,19881
DA:88,18766
DA:89,18766
BRDA:89,9,0,-
DA:92,18766
DA:93,18766
DA:94,27043
BRDA:94,10,0,1644
DA:95,1644
DA:96,1644
DA:99,18766
BRDA:99,11,0,17122
DA:101,1644
DA:102,1644
DA:105,42836
FN:105,PoidhV3Handler.cancelSolo
FNDA:42836,PoidhV3Handler.cancelSolo
DA:106,42836
DA:107,42836
BRDA:107,12,0,2749
DA:109,40087
BRDA:109,13,0,608
DA:111,39479
DA:112,39479
BRDA:112,14,0,19838
DA:114,19641
DA:115,19641
DA:118,42759
FN:118,PoidhV3Handler.cancelOpen
FNDA:42759,PoidhV3Handler.cancelOpen
DA:119,42759
DA:120,42759
BRDA:120,15,0,2754
DA:122,40005
BRDA:122,16,0,514
DA:124,39491
DA:125,39491
BRDA:125,17,0,20261
DA:127,19230
DA:128,19230
DA:131,42820
FN:131,PoidhV3Handler.claimRefund
FNDA:42820,PoidhV3Handler.claimRefund
DA:132,42820
DA:133,42820
BRDA:133,18,0,2978
DA:135,39842
DA:136,39842
BRDA:136,19,0,19684
DA:139,20158
DA:140,20158
BRDA:140,20,0,10265
DA:141,9893
BRDA:141,21,0,7397
DA:143,2496
DA:144,2496
BRDA:144,22,0,-
DA:146,2496
DA:147,2496
DA:148,5631
BRDA:148,23,0,642
DA:149,642
DA:150,642
DA:153,2496
BRDA:153,24,0,1854
DA:155,642
DA:156,642
DA:159,42920
FN:159,PoidhV3Handler.createClaim
FNDA:42920,PoidhV3Handler.createClaim
DA:160,42920
DA:161,42920
BRDA:161,25,0,2917
DA:163,40003
BRDA:163,26,0,604
DA:165,39399
DA:168,39399
DA:169,39399
BRDA:169,27,0,-
DA:170,39399
BRDA:170,28,0,20095
DA:171,19304
BRDA:171,29,0,-
DA:173,19304
DA:174,19304
DA:177,42494
FN:177,PoidhV3Handler.submitForVote
FNDA:42494,PoidhV3Handler.submitForVote
DA:178,42494
DA:179,42494
BRDA:179,30,0,2912
DA:181,39582
BRDA:181,31,0,541
DA:183,39041
DA:184,39041
BRDA:184,32,0,19833
DA:187,19208
DA:188,19208
BRDA:188,33,0,-
DA:189,19208
DA:190,19208
BRDA:190,34,0,3411
DA:193,15797
DA:194,15797
BRDA:194,35,0,-
DA:195,0
BRDA:195,36,0,-
DA:196,15797
BRDA:196,37,0,15032
DA:198,765
DA:199,765
DA:202,43400
FN:202,PoidhV3Handler.vote
FNDA:43400,PoidhV3Handler.vote
DA:203,43400
DA:204,43400
BRDA:204,38,0,2801
DA:206,40599
DA:207,40599
BRDA:207,39,0,40029
DA:209,570
DA:210,570
BRDA:210,40,0,-
DA:211,570
BRDA:211,41,0,-
DA:213,570
DA:214,570
BRDA:214,42,0,-
DA:216,570
DA:217,570
BRDA:217,43,0,6
DA:219,564
DA:220,564
DA:221,564
DA:222,762
BRDA:222,44,0,31
DA:223,31
DA:224,31
DA:227,564
BRDA:227,45,0,533
DA:229,31
DA:230,31
DA:231,31
DA:234,42752
FN:234,PoidhV3Handler.resolve
FNDA:42752,PoidhV3Handler.resolve
DA:235,42752
DA:236,42752
BRDA:236,46,0,3073
DA:238,39679
DA:239,39679
BRDA:239,47,0,39148
DA:241,531
DA:242,531
BRDA:242,48,0,-
DA:243,531
BRDA:243,49,0,531
DA:245,0
DA:248,42600
FN:248,PoidhV3Handler.withdrawPending
FNDA:42600,PoidhV3Handler.withdrawPending
DA:249,42600
DA:250,42600
DA:251,42600
BRDA:251,50,0,41313
DA:253,1287
DA:254,1287
FNF:14
FNH:14
LF:146
LH:144
BRF:51
BRH:39
end_of_record
TN:
SF:test/PoidhV3.unit.t.sol
DA:12,1
FN:12,RejectingReceiver.constructor.0
FNDA:1,RejectingReceiver.constructor.0
DA:13,1
DA:16,1
FN:16,RejectingReceiver.createClaim.0
FNDA:1,RejectingReceiver.createClaim.0
DA:17,1
DA:20,1
FN:20,RejectingReceiver.withdraw.0
FNDA:1,RejectingReceiver.withdraw.0
DA:21,1
DA:24,1
FN:24,RejectingReceiver.receive.0
FNDA:1,RejectingReceiver.receive.0
DA:25,1
DA:32,1
FN:32,ContractBountyCreator.constructor.1
FNDA:1,ContractBountyCreator.constructor.1
DA:33,1
DA:36,1
FN:36,ContractBountyCreator.createSoloBounty
FNDA:1,ContractBountyCreator.createSoloBounty
DA:37,1
DA:40,1
FN:40,ContractBountyCreator.createOpenBounty
FNDA:1,ContractBountyCreator.createOpenBounty
DA:41,1
DA:52,1
FN:52,ReenteringWithdrawReceiver.constructor.2
FNDA:1,ReenteringWithdrawReceiver.constructor.2
DA:53,1
DA:56,1
FN:56,ReenteringWithdrawReceiver.createClaim.1
FNDA:1,ReenteringWithdrawReceiver.createClaim.1
DA:57,1
DA:60,1
FN:60,ReenteringWithdrawReceiver.withdraw.1
FNDA:1,ReenteringWithdrawReceiver.withdraw.1
DA:61,1
DA:64,1
FN:64,ReenteringWithdrawReceiver.receive.1
FNDA:1,ReenteringWithdrawReceiver.receive.1
DA:65,1
BRDA:65,0,0,1
DA:66,1
BRDA:66,0,1,1
DA:68,1
DA:70,1
DA:71,1
BRDA:71,1,0,1
FNF:11
FNH:11
LF:26
LH:26
BRF:3
BRH:3
end_of_record
